<?xml version="1.0" encoding="UTF-8"?>
<testsuite xmlns:xsi="http://www.w3.org/2001/XMLSchema-instance" xsi:noNamespaceSchemaLocation="https://maven.apache.org/surefire/maven-surefire-plugin/xsd/surefire-test-report-3.0.xsd" version="3.0" name="com.michael.farm2door.Farm2doorApplicationTests" time="13.965" tests="1" errors="0" skipped="0" failures="0">
  <properties>
[...]
</properties>
  <testcase name="contextLoads" classname="com.michael.farm2door.Farm2doorApplicationTests" time="2.779">
    <system-out><![CDATA[Standard Commons Logging discovery in action with spring-jcl: please remove commons-logging.jar from classpath in order to avoid potential conflicts
11:27:53.075 [main] INFO org.springframework.test.context.support.AnnotationConfigContextLoaderUtils -- Could not detect default configuration classes for test class [com.michael.farm2door.Farm2doorApplicationTests]: Farm2doorApplicationTests does not declare any static, non-private, non-final, nested classes annotated with @Configuration.
11:27:53.668 [main] INFO org.springframework.boot.test.context.SpringBootTestContextBootstrapper -- Found @SpringBootConfiguration com.michael.farm2door.Farm2doorApplication for test class com.michael.farm2door.Farm2doorApplicationTests

  .   ____          _            __ _ _
 /\\ / ___'_ __ _ _(_)_ __  __ _ \ \ \ \
( ( )\___ | '_ | '_| | '_ \/ _` | \ \ \ \
 \\/  ___)| |_)| | | | | || (_| |  ) ) ) )
  '  |____| .__|_| |_|_| |_\__, | / / / /
 =========|_|==============|___/=/_/_/_/

 :: Spring Boot ::                (v3.3.2)

2024-07-24T11:27:55.649+01:00  INFO 7088 --- [farm2door] [           main] c.m.farm2door.Farm2doorApplicationTests  : Starting Farm2doorApplicationTests using Java 22.0.1 with PID 7088 (started by Michael in C:\Users\Michael\Downloads\farm2door)
2024-07-24T11:27:55.653+01:00  INFO 7088 --- [farm2door] [           main] c.m.farm2door.Farm2doorApplicationTests  : No active profile set, falling back to 1 default profile: "default"
2024-07-24T11:27:58.108+01:00  INFO 7088 --- [farm2door] [           main] .s.d.r.c.RepositoryConfigurationDelegate : Bootstrapping Spring Data MongoDB repositories in DEFAULT mode.
2024-07-24T11:27:58.233+01:00  INFO 7088 --- [farm2door] [           main] .s.d.r.c.RepositoryConfigurationDelegate : Finished Spring Data repository scanning in 115 ms. Found 3 MongoDB repository interfaces.
2024-07-24T11:27:59.725+01:00  INFO 7088 --- [farm2door] [           main] org.mongodb.driver.client                : MongoClient with metadata {"application": {"name": "Cluster0"}, "driver": {"name": "mongo-java-driver|sync|spring-boot", "version": "5.0.1"}, "os": {"type": "Windows", "name": "Windows 10", "architecture": "amd64", "version": "10.0"}, "platform": "Java/Oracle Corporation/22.0.1+8-16"} created with settings MongoClientSettings{readPreference=primary, writeConcern=WriteConcern{w=majority, wTimeout=null ms, journal=null}, retryWrites=true, retryReads=true, readConcern=ReadConcern{level=null}, credential=MongoCredential{mechanism=null, userName='mike', source='admin', password=<hidden>, mechanismProperties=<hidden>}, transportSettings=null, commandListeners=[], codecRegistry=ProvidersCodecRegistry{codecProviders=[ValueCodecProvider{}, BsonValueCodecProvider{}, DBRefCodecProvider{}, DBObjectCodecProvider{}, DocumentCodecProvider{}, CollectionCodecProvider{}, IterableCodecProvider{}, MapCodecProvider{}, GeoJsonCodecProvider{}, GridFSFileCodecProvider{}, Jsr310CodecProvider{}, JsonObjectCodecProvider{}, BsonCodecProvider{}, EnumCodecProvider{}, com.mongodb.client.model.mql.ExpressionCodecProvider@f25f48a, com.mongodb.Jep395RecordCodecProvider@3b7c80c6, com.mongodb.KotlinCodecProvider@3b2e5c0d]}, loggerSettings=LoggerSettings{maxDocumentLength=1000}, clusterSettings={hosts=[127.0.0.1:27017], srvHost=cluster0.8hc4zox.mongodb.net, srvServiceName=mongodb, mode=MULTIPLE, requiredClusterType=REPLICA_SET, requiredReplicaSetName='atlas-yjwvq3-shard-0', serverSelector='null', clusterListeners='[]', serverSelectionTimeout='30000 ms', localThreshold='15 ms'}, socketSettings=SocketSettings{connectTimeoutMS=10000, readTimeoutMS=0, receiveBufferSize=0, proxySettings=ProxySettings{host=null, port=null, username=null, password=null}}, heartbeatSocketSettings=SocketSettings{connectTimeoutMS=10000, readTimeoutMS=10000, receiveBufferSize=0, proxySettings=ProxySettings{host=null, port=null, username=null, password=null}}, connectionPoolSettings=ConnectionPoolSettings{maxSize=100, minSize=0, maxWaitTimeMS=120000, maxConnectionLifeTimeMS=0, maxConnectionIdleTimeMS=0, maintenanceInitialDelayMS=0, maintenanceFrequencyMS=60000, connectionPoolListeners=[], maxConnecting=2}, serverSettings=ServerSettings{heartbeatFrequencyMS=10000, minHeartbeatFrequencyMS=500, serverListeners='[]', serverMonitorListeners='[]'}, sslSettings=SslSettings{enabled=true, invalidHostNameAllowed=false, context=null}, applicationName='Cluster0', compressorList=[], uuidRepresentation=JAVA_LEGACY, serverApi=null, autoEncryptionSettings=null, dnsClient=null, inetAddressResolver=null, contextProvider=null}
2024-07-24T11:28:00.054+01:00  INFO 7088 --- [farm2door] [zox.mongodb.net] org.mongodb.driver.cluster               : Adding discovered server ac-c6vmwvs-shard-00-02.8hc4zox.mongodb.net:27017 to client view of cluster
2024-07-24T11:28:00.115+01:00  INFO 7088 --- [farm2door] [zox.mongodb.net] org.mongodb.driver.cluster               : Adding discovered server ac-c6vmwvs-shard-00-01.8hc4zox.mongodb.net:27017 to client view of cluster
2024-07-24T11:28:00.123+01:00  INFO 7088 --- [farm2door] [zox.mongodb.net] org.mongodb.driver.cluster               : Adding discovered server ac-c6vmwvs-shard-00-00.8hc4zox.mongodb.net:27017 to client view of cluster
2024-07-24T11:28:01.648+01:00  WARN 7088 --- [farm2door] [           main] .s.s.UserDetailsServiceAutoConfiguration : 

Using generated security password: 32504073-9631-41a2-ad81-d515b32d1340

This generated password is for development use only. Your security configuration must be updated before running your application in production.

2024-07-24T11:28:01.708+01:00  INFO 7088 --- [farm2door] [           main] r$InitializeUserDetailsManagerConfigurer : Global AuthenticationManager configured with UserDetailsService bean with name inMemoryUserDetailsManager
2024-07-24T11:28:01.990+01:00  INFO 7088 --- [farm2door] [ngodb.net:27017] org.mongodb.driver.cluster               : Monitor thread successfully connected to server with description ServerDescription{address=ac-c6vmwvs-shard-00-02.8hc4zox.mongodb.net:27017, type=REPLICA_SET_SECONDARY, state=CONNECTED, ok=true, minWireVersion=0, maxWireVersion=21, maxDocumentSize=16777216, logicalSessionTimeoutMinutes=30, roundTripTimeNanos=878290800, setName='atlas-yjwvq3-shard-0', canonicalAddress=ac-c6vmwvs-shard-00-02.8hc4zox.mongodb.net:27017, hosts=[ac-c6vmwvs-shard-00-02.8hc4zox.mongodb.net:27017, ac-c6vmwvs-shard-00-00.8hc4zox.mongodb.net:27017, ac-c6vmwvs-shard-00-01.8hc4zox.mongodb.net:27017], passives=[], arbiters=[], primary='ac-c6vmwvs-shard-00-01.8hc4zox.mongodb.net:27017', tagSet=TagSet{[Tag{name='availabilityZone', value='euw3-az3'}, Tag{name='diskState', value='READY'}, Tag{name='nodeType', value='ELECTABLE'}, Tag{name='provider', value='AWS'}, Tag{name='region', value='EU_WEST_3'}, Tag{name='workloadType', value='OPERATIONAL'}]}, electionId=null, setVersion=1, topologyVersion=TopologyVersion{processId=668ebf6187294a74d60e5014, counter=3}, lastWriteDate=Wed Jul 24 11:28:01 BST 2024, lastUpdateTimeNanos=14516671445200}
2024-07-24T11:28:01.990+01:00  INFO 7088 --- [farm2door] [ngodb.net:27017] org.mongodb.driver.cluster               : Monitor thread successfully connected to server with description ServerDescription{address=ac-c6vmwvs-shard-00-01.8hc4zox.mongodb.net:27017, type=REPLICA_SET_PRIMARY, state=CONNECTED, ok=true, minWireVersion=0, maxWireVersion=21, maxDocumentSize=16777216, logicalSessionTimeoutMinutes=30, roundTripTimeNanos=875633700, setName='atlas-yjwvq3-shard-0', canonicalAddress=ac-c6vmwvs-shard-00-01.8hc4zox.mongodb.net:27017, hosts=[ac-c6vmwvs-shard-00-02.8hc4zox.mongodb.net:27017, ac-c6vmwvs-shard-00-00.8hc4zox.mongodb.net:27017, ac-c6vmwvs-shard-00-01.8hc4zox.mongodb.net:27017], passives=[], arbiters=[], primary='ac-c6vmwvs-shard-00-01.8hc4zox.mongodb.net:27017', tagSet=TagSet{[Tag{name='availabilityZone', value='euw3-az2'}, Tag{name='diskState', value='READY'}, Tag{name='nodeType', value='ELECTABLE'}, Tag{name='provider', value='AWS'}, Tag{name='region', value='EU_WEST_3'}, Tag{name='workloadType', value='OPERATIONAL'}]}, electionId=7fffffff000000000000000d, setVersion=1, topologyVersion=TopologyVersion{processId=668ebf0fbbf5f343edd903b9, counter=6}, lastWriteDate=Wed Jul 24 11:28:01 BST 2024, lastUpdateTimeNanos=14516672543700}
2024-07-24T11:28:01.991+01:00  INFO 7088 --- [farm2door] [ngodb.net:27017] org.mongodb.driver.cluster               : Monitor thread successfully connected to server with description ServerDescription{address=ac-c6vmwvs-shard-00-00.8hc4zox.mongodb.net:27017, type=REPLICA_SET_SECONDARY, state=CONNECTED, ok=true, minWireVersion=0, maxWireVersion=21, maxDocumentSize=16777216, logicalSessionTimeoutMinutes=30, roundTripTimeNanos=761172700, setName='atlas-yjwvq3-shard-0', canonicalAddress=ac-c6vmwvs-shard-00-00.8hc4zox.mongodb.net:27017, hosts=[ac-c6vmwvs-shard-00-02.8hc4zox.mongodb.net:27017, ac-c6vmwvs-shard-00-00.8hc4zox.mongodb.net:27017, ac-c6vmwvs-shard-00-01.8hc4zox.mongodb.net:27017], passives=[], arbiters=[], primary='ac-c6vmwvs-shard-00-01.8hc4zox.mongodb.net:27017', tagSet=TagSet{[Tag{name='availabilityZone', value='euw3-az1'}, Tag{name='diskState', value='READY'}, Tag{name='nodeType', value='ELECTABLE'}, Tag{name='provider', value='AWS'}, Tag{name='region', value='EU_WEST_3'}, Tag{name='workloadType', value='OPERATIONAL'}]}, electionId=null, setVersion=1, topologyVersion=TopologyVersion{processId=668ebebc5daec22aa2ef58f1, counter=4}, lastWriteDate=Wed Jul 24 11:28:01 BST 2024, lastUpdateTimeNanos=14516671157900}
2024-07-24T11:28:02.000+01:00  INFO 7088 --- [farm2door] [ngodb.net:27017] org.mongodb.driver.cluster               : Discovered replica set primary ac-c6vmwvs-shard-00-01.8hc4zox.mongodb.net:27017 with max election id 7fffffff000000000000000d and max set version 1
2024-07-24T11:28:03.449+01:00  INFO 7088 --- [farm2door] [           main] c.m.farm2door.Farm2doorApplicationTests  : Started Farm2doorApplicationTests in 8.73 seconds (process running for 12.752)
]]></system-out>
    <system-err><![CDATA[WARNING: A Java agent has been loaded dynamically (C:\Users\Michael\.m2\repository\net\bytebuddy\byte-buddy-agent\1.14.18\byte-buddy-agent-1.14.18.jar)
WARNING: If a serviceability tool is in use, please run with -XX:+EnableDynamicAgentLoading to hide this warning
WARNING: If a serviceability tool is not in use, please run with -Djdk.instrument.traceUsage for more information
WARNING: Dynamic loading of agents will be disallowed by default in a future release
]]></system-err>
  </testcase>
</testsuite>